# JRE version: Java(TM) SE Runtime Environment (22.0.1+8) (build 22.0.1+8-16)
# Java VM: Java HotSpot(TM) 64-Bit Server VM (22.0.1+8-16, mixed mode, sharing, tiered, compressed oops, compressed class ptrs, g1 gc, windows-amd64)
GC Precious Log:
 CardTable entry size: 512
 Card Set container configuration: InlinePtr #cards 5 size 8 Array Of Cards #cards 12 size 40 Howl #buckets 4 coarsen threshold 1843 Howl Bitmap #cards 512 size 80 coarsen threshold 460 Card regions per heap region 1 cards per card region 2048
 CPUs: 4 total, 4 available
 Memory: 3784M
 Large Page Support: Disabled
 NUMA Support: Disabled
 Compressed Oops: Enabled (32-bit)
 Heap Region Size: 1M
 Heap Min Capacity: 8M
 Heap Initial Capacity: 60M
 Heap Max Capacity: 948M
 Pre-touch: Disabled
 Parallel Workers: 4
 Concurrent Workers: 1
 Concurrent Refinement Workers: 4
 Periodic GC: Disabled
Heap:
 garbage-first heap   total reserved 970752K, committed 51200K, used 19456K [0x00000000c4c00000, 0x0000000100000000)
  region size 1024K, 4 young (4096K), 2 survivors (2048K)
 Metaspace       used 30547K, committed 31040K, reserved 1114112K
  class space    used 3881K, committed 4096K, reserved 1048576K
GC Heap History (12 events):
Event: 1.130 GC heap before
{Heap before GC invocations=0 (full 0):
 garbage-first heap   total reserved 970752K, committed 61440K, used 14336K [0x00000000c4c00000, 0x0000000100000000)
  region size 1024K, 14 young (14336K), 0 survivors (0K)
 Metaspace       used 3920K, committed 4096K, reserved 1114112K
  class space    used 419K, committed 512K, reserved 1048576K
}
Event: 1.136 GC heap after
{Heap after GC invocations=1 (full 0):
 garbage-first heap   total reserved 970752K, committed 61440K, used 6272K [0x00000000c4c00000, 0x0000000100000000)
  region size 1024K, 2 young (2048K), 2 survivors (2048K)
 Metaspace       used 3920K, committed 4096K, reserved 1114112K
  class space    used 419K, committed 512K, reserved 1048576K
}
Event: 5.061 GC heap before
{Heap before GC invocations=1 (full 0):
 garbage-first heap   total reserved 970752K, committed 61440K, used 19584K [0x00000000c4c00000, 0x0000000100000000)
  region size 1024K, 16 young (16384K), 2 survivors (2048K)
 Metaspace       used 7417K, committed 7680K, reserved 1114112K
  class space    used 866K, committed 960K, reserved 1048576K
}
Event: 5.067 GC heap after
{Heap after GC invocations=2 (full 0):
 garbage-first heap   total reserved 970752K, committed 61440K, used 7740K [0x00000000c4c00000, 0x0000000100000000)
  region size 1024K, 2 young (2048K), 2 survivors (2048K)
 Metaspace       used 7417K, committed 7680K, reserved 1114112K
  class space    used 866K, committed 960K, reserved 1048576K
}
Event: 5.911 GC heap before
{Heap before GC invocations=2 (full 0):
 garbage-first heap   total reserved 970752K, committed 61440K, used 33340K [0x00000000c4c00000, 0x0000000100000000)
  region size 1024K, 28 young (28672K), 2 survivors (2048K)
 Metaspace       used 15766K, committed 16000K, reserved 1114112K
  class space    used 1872K, committed 1984K, reserved 1048576K
}
Event: 5.918 GC heap after
{Heap after GC invocations=3 (full 0):
 garbage-first heap   total reserved 970752K, committed 61440K, used 10248K [0x00000000c4c00000, 0x0000000100000000)
  region size 1024K, 4 young (4096K), 4 survivors (4096K)
 Metaspace       used 15766K, committed 16000K, reserved 1114112K
  class space    used 1872K, committed 1984K, reserved 1048576K
}
Event: 11.621 GC heap before
{Heap before GC invocations=3 (full 0):
 garbage-first heap   total reserved 970752K, committed 61440K, used 41992K [0x00000000c4c00000, 0x0000000100000000)
  region size 1024K, 36 young (36864K), 4 survivors (4096K)
 Metaspace       used 21028K, committed 21312K, reserved 1114112K
  class space    used 2549K, committed 2688K, reserved 1048576K
}
Event: 11.630 GC heap after
{Heap after GC invocations=4 (full 0):
 garbage-first heap   total reserved 970752K, committed 61440K, used 13244K [0x00000000c4c00000, 0x0000000100000000)
  region size 1024K, 5 young (5120K), 5 survivors (5120K)
 Metaspace       used 21028K, committed 21312K, reserved 1114112K
  class space    used 2549K, committed 2688K, reserved 1048576K
}
Event: 11.707 GC heap before
{Heap before GC invocations=4 (full 0):
 garbage-first heap   total reserved 970752K, committed 61440K, used 16316K [0x00000000c4c00000, 0x0000000100000000)
  region size 1024K, 9 young (9216K), 5 survivors (5120K)
 Metaspace       used 21184K, committed 21504K, reserved 1114112K
  class space    used 2565K, committed 2688K, reserved 1048576K
}
Event: 11.713 GC heap after
{Heap after GC invocations=5 (full 0):
 garbage-first heap   total reserved 970752K, committed 61440K, used 14470K [0x00000000c4c00000, 0x0000000100000000)
  region size 1024K, 1 young (1024K), 1 survivors (1024K)
 Metaspace       used 21184K, committed 21504K, reserved 1114112K
  class space    used 2565K, committed 2688K, reserved 1048576K
}
Event: 12.993 GC heap before
{Heap before GC invocations=6 (full 0):
 garbage-first heap   total reserved 970752K, committed 51200K, used 44166K [0x00000000c4c00000, 0x0000000100000000)
  region size 1024K, 30 young (30720K), 1 survivors (1024K)
 Metaspace       used 26319K, committed 26688K, reserved 1114112K
  class space    used 3314K, committed 3456K, reserved 1048576K
}
Event: 12.999 GC heap after
{Heap after GC invocations=7 (full 0):
 garbage-first heap   total reserved 970752K, committed 51200K, used 16609K [0x00000000c4c00000, 0x0000000100000000)
  region size 1024K, 3 young (3072K), 3 survivors (3072K)
 Metaspace       used 26319K, committed 26688K, reserved 1114112K
  class space    used 3314K, committed 3456K, reserved 1048576K
}

