# JRE version: Java(TM) SE Runtime Environment (22.0.1+8) (build 22.0.1+8-16)
# Java VM: Java HotSpot(TM) 64-Bit Server VM (22.0.1+8-16, mixed mode, sharing, tiered, compressed oops, compressed class ptrs, g1 gc, windows-amd64)
GC Precious Log:
 CardTable entry size: 512
 Card Set container configuration: InlinePtr #cards 5 size 8 Array Of Cards #cards 12 size 40 Howl #buckets 4 coarsen threshold 1843 Howl Bitmap #cards 512 size 80 coarsen threshold 460 Card regions per heap region 1 cards per card region 2048
 CPUs: 4 total, 4 available
 Memory: 3784M
 Large Page Support: Disabled
 NUMA Support: Disabled
 Compressed Oops: Enabled (32-bit)
 Heap Region Size: 1M
 Heap Min Capacity: 8M
 Heap Initial Capacity: 60M
 Heap Max Capacity: 948M
 Pre-touch: Disabled
 Parallel Workers: 4
 Concurrent Workers: 1
 Concurrent Refinement Workers: 4
 Periodic GC: Disabled
Heap:
 garbage-first heap   total reserved 970752K, committed 49152K, used 37121K [0x00000000c4c00000, 0x0000000100000000)
  region size 1024K, 13 young (13312K), 3 survivors (3072K)
 Metaspace       used 65440K, committed 66176K, reserved 1114112K
  class space    used 8933K, committed 9280K, reserved 1048576K
GC Heap History (20 events):
Event: 7.647 GC heap before
{Heap before GC invocations=6 (full 0):
 garbage-first heap   total reserved 970752K, committed 48128K, used 41181K [0x00000000c4c00000, 0x0000000100000000)
  region size 1024K, 28 young (28672K), 1 survivors (1024K)
 Metaspace       used 25735K, committed 26112K, reserved 1114112K
  class space    used 3220K, committed 3392K, reserved 1048576K
}
Event: 7.653 GC heap after
{Heap after GC invocations=7 (full 0):
 garbage-first heap   total reserved 970752K, committed 48128K, used 15767K [0x00000000c4c00000, 0x0000000100000000)
  region size 1024K, 3 young (3072K), 3 survivors (3072K)
 Metaspace       used 25735K, committed 26112K, reserved 1114112K
  class space    used 3220K, committed 3392K, reserved 1048576K
}
Event: 8.706 GC heap before
{Heap before GC invocations=7 (full 0):
 garbage-first heap   total reserved 970752K, committed 48128K, used 38295K [0x00000000c4c00000, 0x0000000100000000)
  region size 1024K, 25 young (25600K), 3 survivors (3072K)
 Metaspace       used 29807K, committed 30336K, reserved 1114112K
  class space    used 3759K, committed 4032K, reserved 1048576K
}
Event: 8.712 GC heap after
{Heap after GC invocations=8 (full 0):
 garbage-first heap   total reserved 970752K, committed 48128K, used 17648K [0x00000000c4c00000, 0x0000000100000000)
  region size 1024K, 3 young (3072K), 3 survivors (3072K)
 Metaspace       used 29807K, committed 30336K, reserved 1114112K
  class space    used 3759K, committed 4032K, reserved 1048576K
}
Event: 9.883 GC heap before
{Heap before GC invocations=8 (full 0):
 garbage-first heap   total reserved 970752K, committed 48128K, used 37104K [0x00000000c4c00000, 0x0000000100000000)
  region size 1024K, 23 young (23552K), 3 survivors (3072K)
 Metaspace       used 34197K, committed 34816K, reserved 1114112K
  class space    used 4403K, committed 4672K, reserved 1048576K
}
Event: 9.887 GC heap after
{Heap after GC invocations=9 (full 0):
 garbage-first heap   total reserved 970752K, committed 48128K, used 18733K [0x00000000c4c00000, 0x0000000100000000)
  region size 1024K, 2 young (2048K), 2 survivors (2048K)
 Metaspace       used 34197K, committed 34816K, reserved 1114112K
  class space    used 4403K, committed 4672K, reserved 1048576K
}
Event: 10.407 GC heap before
{Heap before GC invocations=9 (full 0):
 garbage-first heap   total reserved 970752K, committed 48128K, used 22829K [0x00000000c4c00000, 0x0000000100000000)
  region size 1024K, 7 young (7168K), 2 survivors (2048K)
 Metaspace       used 35401K, committed 35968K, reserved 1114112K
  class space    used 4581K, committed 4800K, reserved 1048576K
}
Event: 10.410 GC heap after
{Heap after GC invocations=10 (full 0):
 garbage-first heap   total reserved 970752K, committed 48128K, used 18987K [0x00000000c4c00000, 0x0000000100000000)
  region size 1024K, 2 young (2048K), 2 survivors (2048K)
 Metaspace       used 35401K, committed 35968K, reserved 1114112K
  class space    used 4581K, committed 4800K, reserved 1048576K
}
Event: 12.614 GC heap before
{Heap before GC invocations=11 (full 0):
 garbage-first heap   total reserved 970752K, committed 48128K, used 41515K [0x00000000c4c00000, 0x0000000100000000)
  region size 1024K, 24 young (24576K), 2 survivors (2048K)
 Metaspace       used 45019K, committed 45632K, reserved 1114112K
  class space    used 5868K, committed 6144K, reserved 1048576K
}
Event: 12.620 GC heap after
{Heap after GC invocations=12 (full 0):
 garbage-first heap   total reserved 970752K, committed 48128K, used 21232K [0x00000000c4c00000, 0x0000000100000000)
  region size 1024K, 3 young (3072K), 3 survivors (3072K)
 Metaspace       used 45019K, committed 45632K, reserved 1114112K
  class space    used 5868K, committed 6144K, reserved 1048576K
}
Event: 13.372 GC heap before
{Heap before GC invocations=12 (full 0):
 garbage-first heap   total reserved 970752K, committed 48128K, used 40688K [0x00000000c4c00000, 0x0000000100000000)
  region size 1024K, 23 young (23552K), 3 survivors (3072K)
 Metaspace       used 49692K, committed 50240K, reserved 1114112K
  class space    used 6500K, committed 6720K, reserved 1048576K
}
Event: 13.378 GC heap after
{Heap after GC invocations=13 (full 0):
 garbage-first heap   total reserved 970752K, committed 48128K, used 22998K [0x00000000c4c00000, 0x0000000100000000)
  region size 1024K, 2 young (2048K), 2 survivors (2048K)
 Metaspace       used 49692K, committed 50240K, reserved 1114112K
  class space    used 6500K, committed 6720K, reserved 1048576K
}
Event: 14.424 GC heap before
{Heap before GC invocations=13 (full 0):
 garbage-first heap   total reserved 970752K, committed 48128K, used 40406K [0x00000000c4c00000, 0x0000000100000000)
  region size 1024K, 20 young (20480K), 2 survivors (2048K)
 Metaspace       used 56105K, committed 56704K, reserved 1114112K
  class space    used 7552K, committed 7808K, reserved 1048576K
}
Event: 14.428 GC heap after
{Heap after GC invocations=14 (full 0):
 garbage-first heap   total reserved 970752K, committed 48128K, used 23476K [0x00000000c4c00000, 0x0000000100000000)
  region size 1024K, 3 young (3072K), 3 survivors (3072K)
 Metaspace       used 56105K, committed 56704K, reserved 1114112K
  class space    used 7552K, committed 7808K, reserved 1048576K
}
Event: 15.014 GC heap before
{Heap before GC invocations=14 (full 0):
 garbage-first heap   total reserved 970752K, committed 48128K, used 34740K [0x00000000c4c00000, 0x0000000100000000)
  region size 1024K, 15 young (15360K), 3 survivors (3072K)
 Metaspace       used 59457K, committed 60096K, reserved 1114112K
  class space    used 8077K, committed 8384K, reserved 1048576K
}
Event: 15.017 GC heap after
{Heap after GC invocations=15 (full 0):
 garbage-first heap   total reserved 970752K, committed 48128K, used 24278K [0x00000000c4c00000, 0x0000000100000000)
  region size 1024K, 2 young (2048K), 2 survivors (2048K)
 Metaspace       used 59457K, committed 60096K, reserved 1114112K
  class space    used 8077K, committed 8384K, reserved 1048576K
}
Event: 16.927 GC heap before
{Heap before GC invocations=16 (full 0):
 garbage-first heap   total reserved 970752K, committed 48128K, used 40662K [0x00000000c4c00000, 0x0000000100000000)
  region size 1024K, 19 young (19456K), 2 survivors (2048K)
 Metaspace       used 62266K, committed 62912K, reserved 1114112K
  class space    used 8478K, committed 8768K, reserved 1048576K
}
Event: 16.933 GC heap after
{Heap after GC invocations=17 (full 0):
 garbage-first heap   total reserved 970752K, committed 48128K, used 25977K [0x00000000c4c00000, 0x0000000100000000)
  region size 1024K, 3 young (3072K), 3 survivors (3072K)
 Metaspace       used 62266K, committed 62912K, reserved 1114112K
  class space    used 8478K, committed 8768K, reserved 1048576K
}
Event: 17.822 GC heap before
{Heap before GC invocations=17 (full 0):
 garbage-first heap   total reserved 970752K, committed 48128K, used 41337K [0x00000000c4c00000, 0x0000000100000000)
  region size 1024K, 18 young (18432K), 3 survivors (3072K)
 Metaspace       used 64279K, committed 64896K, reserved 1114112K
  class space    used 8758K, committed 9024K, reserved 1048576K
}
Event: 17.831 GC heap after
{Heap after GC invocations=18 (full 0):
 garbage-first heap   total reserved 970752K, committed 49152K, used 27905K [0x00000000c4c00000, 0x0000000100000000)
  region size 1024K, 3 young (3072K), 3 survivors (3072K)
 Metaspace       used 64279K, committed 64896K, reserved 1114112K
  class space    used 8758K, committed 9024K, reserved 1048576K
}

